<?xml version="1.0" encoding="UTF-8"?>
<!-- Generated by org.testng.reporters.JUnitReportReporter -->
<testsuite hostname="PPTLAP104" failures="0" tests="1" name="testngOdoo.Product_Creation" time="43.358" errors="0" timestamp="2025-03-11T13:08:31 IST" skipped="0">
  <testcase classname="testngOdoo.Product_Creation" name="testProductCreation" time="43.358"/>
</testsuite> <!-- testngOdoo.Product_Creation -->
