<?xml version="1.0" encoding="UTF-8"?>
<!-- Generated by org.testng.reporters.JUnitReportReporter -->
<testsuite hostname="PPTLAP104" failures="0" tests="2" name="testngOdoo.Scenario1" time="75.108" errors="0" timestamp="2025-03-11T15:03:58 IST" skipped="0">
  <testcase classname="testngOdoo.Scenario1" name="createSalesOrder" time="21.611"/>
  <testcase classname="testngOdoo.Scenario1" name="duplicateTabAndCheckPO" time="53.497"/>
</testsuite> <!-- testngOdoo.Scenario1 -->
